2026-01-06 04:38:58,418 - INFO - ============================================================
2026-01-06 04:38:58,418 - INFO - Starting Google Trends fetch job - MASTER FILE MODE
2026-01-06 04:38:58,418 - INFO - Batch size: 75
2026-01-06 04:38:58,418 - INFO - ============================================================
2026-01-06 04:38:58,426 - INFO - Loaded master file with 166 rows and 162 terms
2026-01-06 04:38:58,426 - INFO - Loaded 4 terms from queue
2026-01-06 04:38:58,426 - INFO - Found 160 already processed terms
2026-01-06 04:38:58,426 - INFO - Processing batch of 4 new terms
2026-01-06 04:38:58,606 - INFO - [1/4] Processing: /g/11g0kd3ygw
2026-01-06 04:38:59,119 - WARNING - No data returned for term: /g/11g0kd3ygw
2026-01-06 04:38:59,119 - INFO - Waiting 3.4s before next request...
2026-01-06 04:39:02,545 - INFO - [2/4] Processing: /g/11fsrbpz7j
2026-01-06 04:39:03,085 - INFO - ✓ Successfully fetched data for: /g/11fsrbpz7j
2026-01-06 04:39:03,085 - INFO - Waiting 3.8s before next request...
2026-01-06 04:39:06,897 - INFO - [3/4] Processing: /g/11h4f8vzqz
2026-01-06 04:39:07,251 - INFO - ✓ Successfully fetched data for: /g/11h4f8vzqz
2026-01-06 04:39:07,251 - INFO - Waiting 3.6s before next request...
2026-01-06 04:39:10,884 - INFO - [4/4] Processing: /g/121lmsp6
2026-01-06 04:39:11,199 - WARNING - No data returned for term: /g/121lmsp6
2026-01-06 04:39:11,208 - INFO - Saved master file with 166 rows and 164 terms
2026-01-06 04:39:11,208 - INFO - 💾 Updated master file with 2 new terms
2026-01-06 04:39:11,212 - INFO - 💾 Created backup: data/trends_results/trends_backup_20260106_043911.csv
2026-01-06 04:39:11,213 - INFO - Updated queue with 2 remaining terms
2026-01-06 04:39:11,213 - INFO - ============================================================
2026-01-06 04:39:11,213 - INFO - Job Summary
2026-01-06 04:39:11,213 - INFO - ✓ Successful: 2
2026-01-06 04:39:11,213 - INFO - ✗ Failed: 2
2026-01-06 04:39:11,213 - INFO - 📊 Total terms in master: 164
2026-01-06 04:39:11,213 - INFO - 📊 Remaining in queue: 2
2026-01-06 04:39:11,213 - INFO - ============================================================
